2015-12-20 20:07:40,171 - Velocimacro : initialization starting.
2015-12-20 20:07:40,171 - Velocimacro : adding VMs from VM library template : VM_global_library.vm
2015-12-20 20:07:40,187 - ResourceManager : unable to find resource 'VM_global_library.vm' in any resource loader.
2015-12-20 20:07:40,187 - Velocimacro : error using  VM library template VM_global_library.vm : org.apache.velocity.exception.ResourceNotFoundException: Unable to find resource 'VM_global_library.vm'
2015-12-20 20:07:40,187 - Velocimacro :  VM library template macro registration complete.
2015-12-20 20:07:40,187 - Velocimacro : allowInline = true : VMs can be defined inline in templates
2015-12-20 20:07:40,187 - Velocimacro : allowInlineToOverride = false : VMs defined inline may NOT replace previous VM definitions
2015-12-20 20:07:40,187 - Velocimacro : allowInlineLocal = false : VMs defined inline will be  global in scope if allowed.
2015-12-20 20:07:40,187 - Velocimacro : messages on  : VM system will output logging messages
2015-12-20 20:07:40,187 - Velocimacro : autoload off  : VM system will not automatically reload global library macros
2015-12-20 20:07:40,187 - Velocimacro : initialization complete.
2015-12-20 20:07:40,187 - Velocity successfully started.
2015-12-20 20:10:54,742 - SimpleLog4JLogSystem initialized using logfile 'velocity.log'
2015-12-20 20:10:54,742 - ************************************************************** 
2015-12-20 20:10:54,742 - Starting Jakarta Velocity v1.4
2015-12-20 20:10:54,742 - RuntimeInstance initializing.
2015-12-20 20:10:54,742 - Default Properties File: org\apache\velocity\runtime\defaults\velocity.properties
2015-12-20 20:10:54,742 - Trying to use logger class org.apache.velocity.runtime.log.SimpleLog4JLogSystem
2015-12-20 20:10:54,742 - Using logger class org.apache.velocity.runtime.log.SimpleLog4JLogSystem
2015-12-20 20:10:54,746 - Default ResourceManager initializing. (class org.apache.velocity.runtime.resource.ResourceManagerImpl)
2015-12-20 20:10:54,746 - Resource Loader Instantiated: org.apache.velocity.runtime.resource.loader.ClasspathResourceLoader
2015-12-20 20:10:54,746 - ClasspathResourceLoader : initialization starting.
2015-12-20 20:10:54,746 - ClasspathResourceLoader : initialization complete.
2015-12-20 20:10:54,746 - ResourceCache : initialized. (class org.apache.velocity.runtime.resource.ResourceCacheImpl)
2015-12-20 20:10:54,746 - Default ResourceManager initialization complete.
2015-12-20 20:10:54,750 - Loaded System Directive: org.apache.velocity.runtime.directive.Literal
2015-12-20 20:10:54,750 - Loaded System Directive: org.apache.velocity.runtime.directive.Macro
2015-12-20 20:10:54,754 - Loaded System Directive: org.apache.velocity.runtime.directive.Parse
2015-12-20 20:10:54,754 - Loaded System Directive: org.apache.velocity.runtime.directive.Include
2015-12-20 20:10:54,754 - Loaded System Directive: org.apache.velocity.runtime.directive.Foreach
2015-12-20 20:10:54,783 - Created: 20 parsers.
2015-12-20 20:10:54,799 - Velocimacro : initialization starting.
2015-12-20 20:10:54,799 - Velocimacro : adding VMs from VM library template : VM_global_library.vm
2015-12-20 20:10:54,811 - ResourceManager : unable to find resource 'VM_global_library.vm' in any resource loader.
2015-12-20 20:10:54,811 - Velocimacro : error using  VM library template VM_global_library.vm : org.apache.velocity.exception.ResourceNotFoundException: Unable to find resource 'VM_global_library.vm'
2015-12-20 20:10:54,811 - Velocimacro :  VM library template macro registration complete.
2015-12-20 20:10:54,811 - Velocimacro : allowInline = true : VMs can be defined inline in templates
2015-12-20 20:10:54,811 - Velocimacro : allowInlineToOverride = false : VMs defined inline may NOT replace previous VM definitions
2015-12-20 20:10:54,811 - Velocimacro : allowInlineLocal = false : VMs defined inline will be  global in scope if allowed.
2015-12-20 20:10:54,811 - Velocimacro : messages on  : VM system will output logging messages
2015-12-20 20:10:54,811 - Velocimacro : autoload off  : VM system will not automatically reload global library macros
2015-12-20 20:10:54,811 - Velocimacro : initialization complete.
2015-12-20 20:10:54,811 - Velocity successfully started.
2016-01-08 14:37:00,031 - SimpleLog4JLogSystem initialized using logfile 'velocity.log'
2016-01-08 14:37:00,031 - ************************************************************** 
2016-01-08 14:37:00,031 - Starting Jakarta Velocity v1.4
2016-01-08 14:37:00,031 - RuntimeInstance initializing.
2016-01-08 14:37:00,031 - Default Properties File: org\apache\velocity\runtime\defaults\velocity.properties
2016-01-08 14:37:00,031 - Trying to use logger class org.apache.velocity.runtime.log.SimpleLog4JLogSystem
2016-01-08 14:37:00,031 - Using logger class org.apache.velocity.runtime.log.SimpleLog4JLogSystem
2016-01-08 14:37:00,031 - Default ResourceManager initializing. (class org.apache.velocity.runtime.resource.ResourceManagerImpl)
2016-01-08 14:37:00,031 - Resource Loader Instantiated: org.apache.velocity.runtime.resource.loader.ClasspathResourceLoader
2016-01-08 14:37:00,031 - ClasspathResourceLoader : initialization starting.
2016-01-08 14:37:00,031 - ClasspathResourceLoader : initialization complete.
2016-01-08 14:37:00,031 - ResourceCache : initialized. (class org.apache.velocity.runtime.resource.ResourceCacheImpl)
2016-01-08 14:37:00,031 - Default ResourceManager initialization complete.
2016-01-08 14:37:00,031 - Loaded System Directive: org.apache.velocity.runtime.directive.Literal
2016-01-08 14:37:00,031 - Loaded System Directive: org.apache.velocity.runtime.directive.Macro
2016-01-08 14:37:00,031 - Loaded System Directive: org.apache.velocity.runtime.directive.Parse
2016-01-08 14:37:00,031 - Loaded System Directive: org.apache.velocity.runtime.directive.Include
2016-01-08 14:37:00,047 - Loaded System Directive: org.apache.velocity.runtime.directive.Foreach
2016-01-08 14:37:00,063 - Created: 20 parsers.
2016-01-08 14:37:00,063 - Velocimacro : initialization starting.
2016-01-08 14:37:00,063 - Velocimacro : adding VMs from VM library template : VM_global_library.vm
2016-01-08 14:37:00,078 - ResourceManager : unable to find resource 'VM_global_library.vm' in any resource loader.
2016-01-08 14:37:00,078 - Velocimacro : error using  VM library template VM_global_library.vm : org.apache.velocity.exception.ResourceNotFoundException: Unable to find resource 'VM_global_library.vm'
2016-01-08 14:37:00,078 - Velocimacro :  VM library template macro registration complete.
2016-01-08 14:37:00,078 - Velocimacro : allowInline = true : VMs can be defined inline in templates
2016-01-08 14:37:00,078 - Velocimacro : allowInlineToOverride = false : VMs defined inline may NOT replace previous VM definitions
2016-01-08 14:37:00,078 - Velocimacro : allowInlineLocal = false : VMs defined inline will be  global in scope if allowed.
2016-01-08 14:37:00,078 - Velocimacro : messages on  : VM system will output logging messages
2016-01-08 14:37:00,078 - Velocimacro : autoload off  : VM system will not automatically reload global library macros
2016-01-08 14:37:00,078 - Velocimacro : initialization complete.
2016-01-08 14:37:00,078 - Velocity successfully started.
2016-01-08 15:40:50,568 - SimpleLog4JLogSystem initialized using logfile 'velocity.log'
2016-01-08 15:40:50,568 - ************************************************************** 
2016-01-08 15:40:50,568 - Starting Jakarta Velocity v1.4
2016-01-08 15:40:50,568 - RuntimeInstance initializing.
2016-01-08 15:40:50,568 - Default Properties File: org\apache\velocity\runtime\defaults\velocity.properties
2016-01-08 15:40:50,568 - Trying to use logger class org.apache.velocity.runtime.log.SimpleLog4JLogSystem
2016-01-08 15:40:50,568 - Using logger class org.apache.velocity.runtime.log.SimpleLog4JLogSystem
2016-01-08 15:40:50,568 - Default ResourceManager initializing. (class org.apache.velocity.runtime.resource.ResourceManagerImpl)
2016-01-08 15:40:50,568 - Resource Loader Instantiated: org.apache.velocity.runtime.resource.loader.ClasspathResourceLoader
2016-01-08 15:40:50,568 - ClasspathResourceLoader : initialization starting.
2016-01-08 15:40:50,568 - ClasspathResourceLoader : initialization complete.
2016-01-08 15:40:50,568 - ResourceCache : initialized. (class org.apache.velocity.runtime.resource.ResourceCacheImpl)
2016-01-08 15:40:50,568 - Default ResourceManager initialization complete.
2016-01-08 15:40:50,568 - Loaded System Directive: org.apache.velocity.runtime.directive.Literal
2016-01-08 15:40:50,584 - Loaded System Directive: org.apache.velocity.runtime.directive.Macro
2016-01-08 15:40:50,584 - Loaded System Directive: org.apache.velocity.runtime.directive.Parse
2016-01-08 15:40:50,584 - Loaded System Directive: org.apache.velocity.runtime.directive.Include
2016-01-08 15:40:50,584 - Loaded System Directive: org.apache.velocity.runtime.directive.Foreach
2016-01-08 15:40:50,615 - Created: 20 parsers.
2016-01-08 15:40:50,631 - Velocimacro : initialization starting.
2016-01-08 15:40:50,631 - Velocimacro : adding VMs from VM library template : VM_global_library.vm
2016-01-08 15:40:50,646 - ResourceManager : unable to find resource 'VM_global_library.vm' in any resource loader.
2016-01-08 15:40:50,646 - Velocimacro : error using  VM library template VM_global_library.vm : org.apache.velocity.exception.ResourceNotFoundException: Unable to find resource 'VM_global_library.vm'
2016-01-08 15:40:50,646 - Velocimacro :  VM library template macro registration complete.
2016-01-08 15:40:50,646 - Velocimacro : allowInline = true : VMs can be defined inline in templates
2016-01-08 15:40:50,646 - Velocimacro : allowInlineToOverride = false : VMs defined inline may NOT replace previous VM definitions
2016-01-08 15:40:50,646 - Velocimacro : allowInlineLocal = false : VMs defined inline will be  global in scope if allowed.
2016-01-08 15:40:50,646 - Velocimacro : messages on  : VM system will output logging messages
2016-01-08 15:40:50,646 - Velocimacro : autoload off  : VM system will not automatically reload global library macros
2016-01-08 15:40:50,646 - Velocimacro : initialization complete.
2016-01-08 15:40:50,646 - Velocity successfully started.
