2017-01-24 16:48:29,962 - ************************************************************** 
2017-01-24 16:48:29,962 - Starting Jakarta Velocity v1.4
2017-01-24 16:48:29,962 - RuntimeInstance initializing.
2017-01-24 16:48:29,962 - Default Properties File: org\apache\velocity\runtime\defaults\velocity.properties
2017-01-24 16:48:29,962 - Trying to use logger class org.apache.velocity.runtime.log.SimpleLog4JLogSystem
2017-01-24 16:48:29,962 - Using logger class org.apache.velocity.runtime.log.SimpleLog4JLogSystem
2017-01-24 16:48:29,978 - Default ResourceManager initializing. (class org.apache.velocity.runtime.resource.ResourceManagerImpl)
2017-01-24 16:48:29,978 - Resource Loader Instantiated: org.apache.velocity.runtime.resource.loader.ClasspathResourceLoader
2017-01-24 16:48:29,978 - ClasspathResourceLoader : initialization starting.
2017-01-24 16:48:29,978 - ClasspathResourceLoader : initialization complete.
2017-01-24 16:48:29,978 - ResourceCache : initialized. (class org.apache.velocity.runtime.resource.ResourceCacheImpl)
2017-01-24 16:48:29,978 - Default ResourceManager initialization complete.
2017-01-24 16:48:29,978 - Loaded System Directive: org.apache.velocity.runtime.directive.Literal
2017-01-24 16:48:29,994 - Loaded System Directive: org.apache.velocity.runtime.directive.Macro
2017-01-24 16:48:29,994 - Loaded System Directive: org.apache.velocity.runtime.directive.Parse
2017-01-24 16:48:29,994 - Loaded System Directive: org.apache.velocity.runtime.directive.Include
2017-01-24 16:48:29,994 - Loaded System Directive: org.apache.velocity.runtime.directive.Foreach
2017-01-24 16:48:30,025 - Created: 20 parsers.
2017-01-24 16:48:30,025 - Velocimacro : initialization starting.
2017-01-24 16:48:30,025 - Velocimacro : adding VMs from VM library template : VM_global_library.vm
2017-01-24 16:48:30,041 - ResourceManager : unable to find resource 'VM_global_library.vm' in any resource loader.
2017-01-24 16:48:30,041 - Velocimacro : error using  VM library template VM_global_library.vm : org.apache.velocity.exception.ResourceNotFoundException: Unable to find resource 'VM_global_library.vm'
2017-01-24 16:48:30,041 - Velocimacro :  VM library template macro registration complete.
2017-01-24 16:48:30,041 - Velocimacro : allowInline = true : VMs can be defined inline in templates
2017-01-24 16:48:30,041 - Velocimacro : allowInlineToOverride = false : VMs defined inline may NOT replace previous VM definitions
2017-01-24 16:48:30,041 - Velocimacro : allowInlineLocal = false : VMs defined inline will be  global in scope if allowed.
2017-01-24 16:48:30,041 - Velocimacro : messages on  : VM system will output logging messages
2017-01-24 16:48:30,041 - Velocimacro : autoload off  : VM system will not automatically reload global library macros
2017-01-24 16:48:30,041 - Velocimacro : initialization complete.
2017-01-24 16:48:30,041 - Velocity successfully started.
2017-01-25 10:02:47,738 - SimpleLog4JLogSystem initialized using logfile 'velocity.log'
2017-01-25 10:02:47,738 - ************************************************************** 
2017-01-25 10:02:47,738 - Starting Jakarta Velocity v1.4
2017-01-25 10:02:47,738 - RuntimeInstance initializing.
2017-01-25 10:02:47,738 - Default Properties File: org\apache\velocity\runtime\defaults\velocity.properties
2017-01-25 10:02:47,738 - Trying to use logger class org.apache.velocity.runtime.log.SimpleLog4JLogSystem
2017-01-25 10:02:47,738 - Using logger class org.apache.velocity.runtime.log.SimpleLog4JLogSystem
2017-01-25 10:02:47,753 - Default ResourceManager initializing. (class org.apache.velocity.runtime.resource.ResourceManagerImpl)
2017-01-25 10:02:47,753 - Resource Loader Instantiated: org.apache.velocity.runtime.resource.loader.ClasspathResourceLoader
2017-01-25 10:02:47,753 - ClasspathResourceLoader : initialization starting.
2017-01-25 10:02:47,753 - ClasspathResourceLoader : initialization complete.
2017-01-25 10:02:47,753 - ResourceCache : initialized. (class org.apache.velocity.runtime.resource.ResourceCacheImpl)
2017-01-25 10:02:47,753 - Default ResourceManager initialization complete.
2017-01-25 10:02:47,753 - Loaded System Directive: org.apache.velocity.runtime.directive.Literal
2017-01-25 10:02:47,753 - Loaded System Directive: org.apache.velocity.runtime.directive.Macro
2017-01-25 10:02:47,769 - Loaded System Directive: org.apache.velocity.runtime.directive.Parse
2017-01-25 10:02:47,769 - Loaded System Directive: org.apache.velocity.runtime.directive.Include
2017-01-25 10:02:47,769 - Loaded System Directive: org.apache.velocity.runtime.directive.Foreach
2017-01-25 10:02:47,800 - Created: 20 parsers.
2017-01-25 10:02:47,800 - Velocimacro : initialization starting.
2017-01-25 10:02:47,800 - Velocimacro : adding VMs from VM library template : VM_global_library.vm
2017-01-25 10:02:47,816 - ResourceManager : unable to find resource 'VM_global_library.vm' in any resource loader.
2017-01-25 10:02:47,816 - Velocimacro : error using  VM library template VM_global_library.vm : org.apache.velocity.exception.ResourceNotFoundException: Unable to find resource 'VM_global_library.vm'
2017-01-25 10:02:47,816 - Velocimacro :  VM library template macro registration complete.
2017-01-25 10:02:47,816 - Velocimacro : allowInline = true : VMs can be defined inline in templates
2017-01-25 10:02:47,816 - Velocimacro : allowInlineToOverride = false : VMs defined inline may NOT replace previous VM definitions
2017-01-25 10:02:47,816 - Velocimacro : allowInlineLocal = false : VMs defined inline will be  global in scope if allowed.
2017-01-25 10:02:47,816 - Velocimacro : messages on  : VM system will output logging messages
2017-01-25 10:02:47,816 - Velocimacro : autoload off  : VM system will not automatically reload global library macros
2017-01-25 10:02:47,816 - Velocimacro : initialization complete.
2017-01-25 10:02:47,816 - Velocity successfully started.
2017-01-25 10:03:52,005 - SimpleLog4JLogSystem initialized using logfile 'velocity.log'
2017-01-25 10:03:52,005 - ************************************************************** 
2017-01-25 10:03:52,005 - Starting Jakarta Velocity v1.4
2017-01-25 10:03:52,005 - RuntimeInstance initializing.
2017-01-25 10:03:52,005 - Default Properties File: org\apache\velocity\runtime\defaults\velocity.properties
2017-01-25 10:03:52,005 - Trying to use logger class org.apache.velocity.runtime.log.SimpleLog4JLogSystem
2017-01-25 10:03:52,005 - Using logger class org.apache.velocity.runtime.log.SimpleLog4JLogSystem
2017-01-25 10:03:52,020 - Default ResourceManager initializing. (class org.apache.velocity.runtime.resource.ResourceManagerImpl)
2017-01-25 10:03:52,020 - Resource Loader Instantiated: org.apache.velocity.runtime.resource.loader.ClasspathResourceLoader
2017-01-25 10:03:52,020 - ClasspathResourceLoader : initialization starting.
2017-01-25 10:03:52,020 - ClasspathResourceLoader : initialization complete.
2017-01-25 10:03:52,020 - ResourceCache : initialized. (class org.apache.velocity.runtime.resource.ResourceCacheImpl)
2017-01-25 10:03:52,020 - Default ResourceManager initialization complete.
2017-01-25 10:03:52,020 - Loaded System Directive: org.apache.velocity.runtime.directive.Literal
2017-01-25 10:03:52,020 - Loaded System Directive: org.apache.velocity.runtime.directive.Macro
2017-01-25 10:03:52,036 - Loaded System Directive: org.apache.velocity.runtime.directive.Parse
2017-01-25 10:03:52,036 - Loaded System Directive: org.apache.velocity.runtime.directive.Include
2017-01-25 10:03:52,036 - Loaded System Directive: org.apache.velocity.runtime.directive.Foreach
2017-01-25 10:03:52,067 - Created: 20 parsers.
2017-01-25 10:03:52,067 - Velocimacro : initialization starting.
2017-01-25 10:03:52,067 - Velocimacro : adding VMs from VM library template : VM_global_library.vm
2017-01-25 10:03:52,083 - ResourceManager : unable to find resource 'VM_global_library.vm' in any resource loader.
2017-01-25 10:03:52,083 - Velocimacro : error using  VM library template VM_global_library.vm : org.apache.velocity.exception.ResourceNotFoundException: Unable to find resource 'VM_global_library.vm'
2017-01-25 10:03:52,083 - Velocimacro :  VM library template macro registration complete.
2017-01-25 10:03:52,083 - Velocimacro : allowInline = true : VMs can be defined inline in templates
2017-01-25 10:03:52,083 - Velocimacro : allowInlineToOverride = false : VMs defined inline may NOT replace previous VM definitions
2017-01-25 10:03:52,083 - Velocimacro : allowInlineLocal = false : VMs defined inline will be  global in scope if allowed.
2017-01-25 10:03:52,083 - Velocimacro : messages on  : VM system will output logging messages
2017-01-25 10:03:52,083 - Velocimacro : autoload off  : VM system will not automatically reload global library macros
2017-01-25 10:03:52,083 - Velocimacro : initialization complete.
2017-01-25 10:03:52,083 - Velocity successfully started.
2017-01-25 10:06:32,490 - SimpleLog4JLogSystem initialized using logfile 'velocity.log'
2017-01-25 10:06:32,490 - ************************************************************** 
2017-01-25 10:06:32,490 - Starting Jakarta Velocity v1.4
2017-01-25 10:06:32,490 - RuntimeInstance initializing.
2017-01-25 10:06:32,490 - Default Properties File: org\apache\velocity\runtime\defaults\velocity.properties
2017-01-25 10:06:32,490 - Trying to use logger class org.apache.velocity.runtime.log.SimpleLog4JLogSystem
2017-01-25 10:06:32,490 - Using logger class org.apache.velocity.runtime.log.SimpleLog4JLogSystem
2017-01-25 10:06:32,490 - Default ResourceManager initializing. (class org.apache.velocity.runtime.resource.ResourceManagerImpl)
2017-01-25 10:06:32,490 - Resource Loader Instantiated: org.apache.velocity.runtime.resource.loader.ClasspathResourceLoader
2017-01-25 10:06:32,490 - ClasspathResourceLoader : initialization starting.
2017-01-25 10:06:32,490 - ClasspathResourceLoader : initialization complete.
2017-01-25 10:06:32,506 - ResourceCache : initialized. (class org.apache.velocity.runtime.resource.ResourceCacheImpl)
2017-01-25 10:06:32,506 - Default ResourceManager initialization complete.
2017-01-25 10:06:32,506 - Loaded System Directive: org.apache.velocity.runtime.directive.Literal
2017-01-25 10:06:32,506 - Loaded System Directive: org.apache.velocity.runtime.directive.Macro
2017-01-25 10:06:32,506 - Loaded System Directive: org.apache.velocity.runtime.directive.Parse
2017-01-25 10:06:32,506 - Loaded System Directive: org.apache.velocity.runtime.directive.Include
2017-01-25 10:06:32,506 - Loaded System Directive: org.apache.velocity.runtime.directive.Foreach
2017-01-25 10:06:32,537 - Created: 20 parsers.
2017-01-25 10:06:32,553 - Velocimacro : initialization starting.
2017-01-25 10:06:32,553 - Velocimacro : adding VMs from VM library template : VM_global_library.vm
2017-01-25 10:06:32,553 - ResourceManager : unable to find resource 'VM_global_library.vm' in any resource loader.
2017-01-25 10:06:32,568 - Velocimacro : error using  VM library template VM_global_library.vm : org.apache.velocity.exception.ResourceNotFoundException: Unable to find resource 'VM_global_library.vm'
2017-01-25 10:06:32,568 - Velocimacro :  VM library template macro registration complete.
2017-01-25 10:06:32,568 - Velocimacro : allowInline = true : VMs can be defined inline in templates
2017-01-25 10:06:32,568 - Velocimacro : allowInlineToOverride = false : VMs defined inline may NOT replace previous VM definitions
2017-01-25 10:06:32,568 - Velocimacro : allowInlineLocal = false : VMs defined inline will be  global in scope if allowed.
2017-01-25 10:06:32,568 - Velocimacro : messages on  : VM system will output logging messages
2017-01-25 10:06:32,568 - Velocimacro : autoload off  : VM system will not automatically reload global library macros
2017-01-25 10:06:32,568 - Velocimacro : initialization complete.
2017-01-25 10:06:32,568 - Velocity successfully started.
2017-01-25 10:30:17,967 - SimpleLog4JLogSystem initialized using logfile 'velocity.log'
2017-01-25 10:30:17,967 - ************************************************************** 
2017-01-25 10:30:17,967 - Starting Jakarta Velocity v1.4
2017-01-25 10:30:17,967 - RuntimeInstance initializing.
2017-01-25 10:30:17,967 - Default Properties File: org\apache\velocity\runtime\defaults\velocity.properties
2017-01-25 10:30:17,967 - Trying to use logger class org.apache.velocity.runtime.log.SimpleLog4JLogSystem
2017-01-25 10:30:17,968 - Using logger class org.apache.velocity.runtime.log.SimpleLog4JLogSystem
2017-01-25 10:30:17,971 - Default ResourceManager initializing. (class org.apache.velocity.runtime.resource.ResourceManagerImpl)
2017-01-25 10:30:17,975 - Resource Loader Instantiated: org.apache.velocity.runtime.resource.loader.ClasspathResourceLoader
2017-01-25 10:30:17,975 - ClasspathResourceLoader : initialization starting.
2017-01-25 10:30:17,975 - ClasspathResourceLoader : initialization complete.
2017-01-25 10:30:17,977 - ResourceCache : initialized. (class org.apache.velocity.runtime.resource.ResourceCacheImpl)
2017-01-25 10:30:17,977 - Default ResourceManager initialization complete.
2017-01-25 10:30:17,980 - Loaded System Directive: org.apache.velocity.runtime.directive.Literal
2017-01-25 10:30:17,982 - Loaded System Directive: org.apache.velocity.runtime.directive.Macro
2017-01-25 10:30:17,986 - Loaded System Directive: org.apache.velocity.runtime.directive.Parse
2017-01-25 10:30:17,988 - Loaded System Directive: org.apache.velocity.runtime.directive.Include
2017-01-25 10:30:17,989 - Loaded System Directive: org.apache.velocity.runtime.directive.Foreach
2017-01-25 10:30:18,015 - Created: 20 parsers.
2017-01-25 10:30:18,028 - Velocimacro : initialization starting.
2017-01-25 10:30:18,028 - Velocimacro : adding VMs from VM library template : VM_global_library.vm
2017-01-25 10:30:18,038 - ResourceManager : unable to find resource 'VM_global_library.vm' in any resource loader.
2017-01-25 10:30:18,038 - Velocimacro : error using  VM library template VM_global_library.vm : org.apache.velocity.exception.ResourceNotFoundException: Unable to find resource 'VM_global_library.vm'
2017-01-25 10:30:18,038 - Velocimacro :  VM library template macro registration complete.
2017-01-25 10:30:18,038 - Velocimacro : allowInline = true : VMs can be defined inline in templates
2017-01-25 10:30:18,038 - Velocimacro : allowInlineToOverride = false : VMs defined inline may NOT replace previous VM definitions
2017-01-25 10:30:18,038 - Velocimacro : allowInlineLocal = false : VMs defined inline will be  global in scope if allowed.
2017-01-25 10:30:18,038 - Velocimacro : messages on  : VM system will output logging messages
2017-01-25 10:30:18,038 - Velocimacro : autoload off  : VM system will not automatically reload global library macros
2017-01-25 10:30:18,038 - Velocimacro : initialization complete.
2017-01-25 10:30:18,038 - Velocity successfully started.
2017-01-25 10:34:55,584 - SimpleLog4JLogSystem initialized using logfile 'velocity.log'
2017-01-25 10:34:55,585 - ************************************************************** 
2017-01-25 10:34:55,585 - Starting Jakarta Velocity v1.4
2017-01-25 10:34:55,585 - RuntimeInstance initializing.
2017-01-25 10:34:55,585 - Default Properties File: org\apache\velocity\runtime\defaults\velocity.properties
2017-01-25 10:34:55,585 - Trying to use logger class org.apache.velocity.runtime.log.SimpleLog4JLogSystem
2017-01-25 10:34:55,585 - Using logger class org.apache.velocity.runtime.log.SimpleLog4JLogSystem
2017-01-25 10:34:55,588 - Default ResourceManager initializing. (class org.apache.velocity.runtime.resource.ResourceManagerImpl)
2017-01-25 10:34:55,592 - Resource Loader Instantiated: org.apache.velocity.runtime.resource.loader.ClasspathResourceLoader
2017-01-25 10:34:55,592 - ClasspathResourceLoader : initialization starting.
2017-01-25 10:34:55,592 - ClasspathResourceLoader : initialization complete.
2017-01-25 10:34:55,594 - ResourceCache : initialized. (class org.apache.velocity.runtime.resource.ResourceCacheImpl)
2017-01-25 10:34:55,594 - Default ResourceManager initialization complete.
2017-01-25 10:34:55,597 - Loaded System Directive: org.apache.velocity.runtime.directive.Literal
2017-01-25 10:34:55,600 - Loaded System Directive: org.apache.velocity.runtime.directive.Macro
2017-01-25 10:34:55,603 - Loaded System Directive: org.apache.velocity.runtime.directive.Parse
2017-01-25 10:34:55,605 - Loaded System Directive: org.apache.velocity.runtime.directive.Include
2017-01-25 10:34:55,607 - Loaded System Directive: org.apache.velocity.runtime.directive.Foreach
2017-01-25 10:34:55,633 - Created: 20 parsers.
2017-01-25 10:34:55,643 - Velocimacro : initialization starting.
2017-01-25 10:34:55,643 - Velocimacro : adding VMs from VM library template : VM_global_library.vm
2017-01-25 10:34:55,654 - ResourceManager : unable to find resource 'VM_global_library.vm' in any resource loader.
2017-01-25 10:34:55,654 - Velocimacro : error using  VM library template VM_global_library.vm : org.apache.velocity.exception.ResourceNotFoundException: Unable to find resource 'VM_global_library.vm'
2017-01-25 10:34:55,654 - Velocimacro :  VM library template macro registration complete.
2017-01-25 10:34:55,654 - Velocimacro : allowInline = true : VMs can be defined inline in templates
2017-01-25 10:34:55,654 - Velocimacro : allowInlineToOverride = false : VMs defined inline may NOT replace previous VM definitions
2017-01-25 10:34:55,654 - Velocimacro : allowInlineLocal = false : VMs defined inline will be  global in scope if allowed.
2017-01-25 10:34:55,654 - Velocimacro : messages on  : VM system will output logging messages
2017-01-25 10:34:55,654 - Velocimacro : autoload off  : VM system will not automatically reload global library macros
2017-01-25 10:34:55,654 - Velocimacro : initialization complete.
2017-01-25 10:34:55,654 - Velocity successfully started.
2017-01-25 10:36:43,491 - ResourceManager : found repast/simphony/scenario/Scenario.vt with loader org.apache.velocity.runtime.resource.loader.ClasspathResourceLoader
2017-01-25 10:39:57,492 - SimpleLog4JLogSystem initialized using logfile 'velocity.log'
2017-01-25 10:39:57,493 - ************************************************************** 
2017-01-25 10:39:57,493 - Starting Jakarta Velocity v1.4
2017-01-25 10:39:57,493 - RuntimeInstance initializing.
2017-01-25 10:39:57,493 - Default Properties File: org\apache\velocity\runtime\defaults\velocity.properties
2017-01-25 10:39:57,493 - Trying to use logger class org.apache.velocity.runtime.log.SimpleLog4JLogSystem
2017-01-25 10:39:57,493 - Using logger class org.apache.velocity.runtime.log.SimpleLog4JLogSystem
2017-01-25 10:39:57,497 - Default ResourceManager initializing. (class org.apache.velocity.runtime.resource.ResourceManagerImpl)
2017-01-25 10:39:57,500 - Resource Loader Instantiated: org.apache.velocity.runtime.resource.loader.ClasspathResourceLoader
2017-01-25 10:39:57,500 - ClasspathResourceLoader : initialization starting.
2017-01-25 10:39:57,500 - ClasspathResourceLoader : initialization complete.
2017-01-25 10:39:57,503 - ResourceCache : initialized. (class org.apache.velocity.runtime.resource.ResourceCacheImpl)
2017-01-25 10:39:57,503 - Default ResourceManager initialization complete.
2017-01-25 10:39:57,506 - Loaded System Directive: org.apache.velocity.runtime.directive.Literal
2017-01-25 10:39:57,508 - Loaded System Directive: org.apache.velocity.runtime.directive.Macro
2017-01-25 10:39:57,512 - Loaded System Directive: org.apache.velocity.runtime.directive.Parse
2017-01-25 10:39:57,514 - Loaded System Directive: org.apache.velocity.runtime.directive.Include
2017-01-25 10:39:57,516 - Loaded System Directive: org.apache.velocity.runtime.directive.Foreach
2017-01-25 10:39:57,549 - Created: 20 parsers.
2017-01-25 10:39:57,559 - Velocimacro : initialization starting.
2017-01-25 10:39:57,559 - Velocimacro : adding VMs from VM library template : VM_global_library.vm
2017-01-25 10:39:57,569 - ResourceManager : unable to find resource 'VM_global_library.vm' in any resource loader.
2017-01-25 10:39:57,569 - Velocimacro : error using  VM library template VM_global_library.vm : org.apache.velocity.exception.ResourceNotFoundException: Unable to find resource 'VM_global_library.vm'
2017-01-25 10:39:57,569 - Velocimacro :  VM library template macro registration complete.
2017-01-25 10:39:57,570 - Velocimacro : allowInline = true : VMs can be defined inline in templates
2017-01-25 10:39:57,570 - Velocimacro : allowInlineToOverride = false : VMs defined inline may NOT replace previous VM definitions
2017-01-25 10:39:57,570 - Velocimacro : allowInlineLocal = false : VMs defined inline will be  global in scope if allowed.
2017-01-25 10:39:57,570 - Velocimacro : messages on  : VM system will output logging messages
2017-01-25 10:39:57,570 - Velocimacro : autoload off  : VM system will not automatically reload global library macros
2017-01-25 10:39:57,570 - Velocimacro : initialization complete.
2017-01-25 10:39:57,570 - Velocity successfully started.
2017-01-25 10:58:10,500 - SimpleLog4JLogSystem initialized using logfile 'velocity.log'
2017-01-25 10:58:10,501 - ************************************************************** 
2017-01-25 10:58:10,501 - Starting Jakarta Velocity v1.4
2017-01-25 10:58:10,501 - RuntimeInstance initializing.
2017-01-25 10:58:10,501 - Default Properties File: org\apache\velocity\runtime\defaults\velocity.properties
2017-01-25 10:58:10,501 - Trying to use logger class org.apache.velocity.runtime.log.SimpleLog4JLogSystem
2017-01-25 10:58:10,501 - Using logger class org.apache.velocity.runtime.log.SimpleLog4JLogSystem
2017-01-25 10:58:10,503 - Default ResourceManager initializing. (class org.apache.velocity.runtime.resource.ResourceManagerImpl)
2017-01-25 10:58:10,505 - Resource Loader Instantiated: org.apache.velocity.runtime.resource.loader.ClasspathResourceLoader
2017-01-25 10:58:10,505 - ClasspathResourceLoader : initialization starting.
2017-01-25 10:58:10,505 - ClasspathResourceLoader : initialization complete.
2017-01-25 10:58:10,507 - ResourceCache : initialized. (class org.apache.velocity.runtime.resource.ResourceCacheImpl)
2017-01-25 10:58:10,507 - Default ResourceManager initialization complete.
2017-01-25 10:58:10,509 - Loaded System Directive: org.apache.velocity.runtime.directive.Literal
2017-01-25 10:58:10,510 - Loaded System Directive: org.apache.velocity.runtime.directive.Macro
2017-01-25 10:58:10,512 - Loaded System Directive: org.apache.velocity.runtime.directive.Parse
2017-01-25 10:58:10,513 - Loaded System Directive: org.apache.velocity.runtime.directive.Include
2017-01-25 10:58:10,514 - Loaded System Directive: org.apache.velocity.runtime.directive.Foreach
2017-01-25 10:58:10,536 - Created: 20 parsers.
2017-01-25 10:58:10,542 - Velocimacro : initialization starting.
2017-01-25 10:58:10,542 - Velocimacro : adding VMs from VM library template : VM_global_library.vm
2017-01-25 10:58:10,548 - ResourceManager : unable to find resource 'VM_global_library.vm' in any resource loader.
2017-01-25 10:58:10,548 - Velocimacro : error using  VM library template VM_global_library.vm : org.apache.velocity.exception.ResourceNotFoundException: Unable to find resource 'VM_global_library.vm'
2017-01-25 10:58:10,548 - Velocimacro :  VM library template macro registration complete.
2017-01-25 10:58:10,549 - Velocimacro : allowInline = true : VMs can be defined inline in templates
2017-01-25 10:58:10,549 - Velocimacro : allowInlineToOverride = false : VMs defined inline may NOT replace previous VM definitions
2017-01-25 10:58:10,549 - Velocimacro : allowInlineLocal = false : VMs defined inline will be  global in scope if allowed.
2017-01-25 10:58:10,549 - Velocimacro : messages on  : VM system will output logging messages
2017-01-25 10:58:10,549 - Velocimacro : autoload off  : VM system will not automatically reload global library macros
2017-01-25 10:58:10,549 - Velocimacro : initialization complete.
2017-01-25 10:58:10,549 - Velocity successfully started.
2017-01-25 10:59:04,168 - SimpleLog4JLogSystem initialized using logfile 'velocity.log'
2017-01-25 10:59:04,168 - ************************************************************** 
2017-01-25 10:59:04,168 - Starting Jakarta Velocity v1.4
2017-01-25 10:59:04,168 - RuntimeInstance initializing.
2017-01-25 10:59:04,168 - Default Properties File: org\apache\velocity\runtime\defaults\velocity.properties
2017-01-25 10:59:04,168 - Trying to use logger class org.apache.velocity.runtime.log.SimpleLog4JLogSystem
2017-01-25 10:59:04,168 - Using logger class org.apache.velocity.runtime.log.SimpleLog4JLogSystem
2017-01-25 10:59:04,171 - Default ResourceManager initializing. (class org.apache.velocity.runtime.resource.ResourceManagerImpl)
2017-01-25 10:59:04,173 - Resource Loader Instantiated: org.apache.velocity.runtime.resource.loader.ClasspathResourceLoader
2017-01-25 10:59:04,173 - ClasspathResourceLoader : initialization starting.
2017-01-25 10:59:04,173 - ClasspathResourceLoader : initialization complete.
2017-01-25 10:59:04,175 - ResourceCache : initialized. (class org.apache.velocity.runtime.resource.ResourceCacheImpl)
2017-01-25 10:59:04,175 - Default ResourceManager initialization complete.
2017-01-25 10:59:04,178 - Loaded System Directive: org.apache.velocity.runtime.directive.Literal
2017-01-25 10:59:04,179 - Loaded System Directive: org.apache.velocity.runtime.directive.Macro
2017-01-25 10:59:04,182 - Loaded System Directive: org.apache.velocity.runtime.directive.Parse
2017-01-25 10:59:04,184 - Loaded System Directive: org.apache.velocity.runtime.directive.Include
2017-01-25 10:59:04,184 - Loaded System Directive: org.apache.velocity.runtime.directive.Foreach
2017-01-25 10:59:04,207 - Created: 20 parsers.
2017-01-25 10:59:04,214 - Velocimacro : initialization starting.
2017-01-25 10:59:04,214 - Velocimacro : adding VMs from VM library template : VM_global_library.vm
2017-01-25 10:59:04,221 - ResourceManager : unable to find resource 'VM_global_library.vm' in any resource loader.
2017-01-25 10:59:04,221 - Velocimacro : error using  VM library template VM_global_library.vm : org.apache.velocity.exception.ResourceNotFoundException: Unable to find resource 'VM_global_library.vm'
2017-01-25 10:59:04,221 - Velocimacro :  VM library template macro registration complete.
2017-01-25 10:59:04,221 - Velocimacro : allowInline = true : VMs can be defined inline in templates
2017-01-25 10:59:04,221 - Velocimacro : allowInlineToOverride = false : VMs defined inline may NOT replace previous VM definitions
2017-01-25 10:59:04,221 - Velocimacro : allowInlineLocal = false : VMs defined inline will be  global in scope if allowed.
2017-01-25 10:59:04,221 - Velocimacro : messages on  : VM system will output logging messages
2017-01-25 10:59:04,221 - Velocimacro : autoload off  : VM system will not automatically reload global library macros
2017-01-25 10:59:04,221 - Velocimacro : initialization complete.
2017-01-25 10:59:04,221 - Velocity successfully started.
2017-01-25 11:01:09,940 - SimpleLog4JLogSystem initialized using logfile 'velocity.log'
2017-01-25 11:01:09,940 - ************************************************************** 
2017-01-25 11:01:09,940 - Starting Jakarta Velocity v1.4
2017-01-25 11:01:09,940 - RuntimeInstance initializing.
2017-01-25 11:01:09,940 - Default Properties File: org\apache\velocity\runtime\defaults\velocity.properties
2017-01-25 11:01:09,940 - Trying to use logger class org.apache.velocity.runtime.log.SimpleLog4JLogSystem
2017-01-25 11:01:09,940 - Using logger class org.apache.velocity.runtime.log.SimpleLog4JLogSystem
2017-01-25 11:01:09,943 - Default ResourceManager initializing. (class org.apache.velocity.runtime.resource.ResourceManagerImpl)
2017-01-25 11:01:09,945 - Resource Loader Instantiated: org.apache.velocity.runtime.resource.loader.ClasspathResourceLoader
2017-01-25 11:01:09,945 - ClasspathResourceLoader : initialization starting.
2017-01-25 11:01:09,945 - ClasspathResourceLoader : initialization complete.
2017-01-25 11:01:09,946 - ResourceCache : initialized. (class org.apache.velocity.runtime.resource.ResourceCacheImpl)
2017-01-25 11:01:09,946 - Default ResourceManager initialization complete.
2017-01-25 11:01:09,948 - Loaded System Directive: org.apache.velocity.runtime.directive.Literal
2017-01-25 11:01:09,950 - Loaded System Directive: org.apache.velocity.runtime.directive.Macro
2017-01-25 11:01:09,952 - Loaded System Directive: org.apache.velocity.runtime.directive.Parse
2017-01-25 11:01:09,953 - Loaded System Directive: org.apache.velocity.runtime.directive.Include
2017-01-25 11:01:09,954 - Loaded System Directive: org.apache.velocity.runtime.directive.Foreach
2017-01-25 11:01:09,974 - Created: 20 parsers.
2017-01-25 11:01:09,981 - Velocimacro : initialization starting.
2017-01-25 11:01:09,981 - Velocimacro : adding VMs from VM library template : VM_global_library.vm
2017-01-25 11:01:09,987 - ResourceManager : unable to find resource 'VM_global_library.vm' in any resource loader.
2017-01-25 11:01:09,987 - Velocimacro : error using  VM library template VM_global_library.vm : org.apache.velocity.exception.ResourceNotFoundException: Unable to find resource 'VM_global_library.vm'
2017-01-25 11:01:09,987 - Velocimacro :  VM library template macro registration complete.
2017-01-25 11:01:09,987 - Velocimacro : allowInline = true : VMs can be defined inline in templates
2017-01-25 11:01:09,988 - Velocimacro : allowInlineToOverride = false : VMs defined inline may NOT replace previous VM definitions
2017-01-25 11:01:09,988 - Velocimacro : allowInlineLocal = false : VMs defined inline will be  global in scope if allowed.
2017-01-25 11:01:09,988 - Velocimacro : messages on  : VM system will output logging messages
2017-01-25 11:01:09,988 - Velocimacro : autoload off  : VM system will not automatically reload global library macros
2017-01-25 11:01:09,988 - Velocimacro : initialization complete.
2017-01-25 11:01:09,988 - Velocity successfully started.
2017-01-25 11:03:34,400 - SimpleLog4JLogSystem initialized using logfile 'velocity.log'
2017-01-25 11:03:34,400 - ************************************************************** 
2017-01-25 11:03:34,400 - Starting Jakarta Velocity v1.4
2017-01-25 11:03:34,400 - RuntimeInstance initializing.
2017-01-25 11:03:34,400 - Default Properties File: org\apache\velocity\runtime\defaults\velocity.properties
2017-01-25 11:03:34,400 - Trying to use logger class org.apache.velocity.runtime.log.SimpleLog4JLogSystem
2017-01-25 11:03:34,400 - Using logger class org.apache.velocity.runtime.log.SimpleLog4JLogSystem
2017-01-25 11:03:34,403 - Default ResourceManager initializing. (class org.apache.velocity.runtime.resource.ResourceManagerImpl)
2017-01-25 11:03:34,405 - Resource Loader Instantiated: org.apache.velocity.runtime.resource.loader.ClasspathResourceLoader
2017-01-25 11:03:34,405 - ClasspathResourceLoader : initialization starting.
2017-01-25 11:03:34,405 - ClasspathResourceLoader : initialization complete.
2017-01-25 11:03:34,406 - ResourceCache : initialized. (class org.apache.velocity.runtime.resource.ResourceCacheImpl)
2017-01-25 11:03:34,406 - Default ResourceManager initialization complete.
2017-01-25 11:03:34,408 - Loaded System Directive: org.apache.velocity.runtime.directive.Literal
2017-01-25 11:03:34,409 - Loaded System Directive: org.apache.velocity.runtime.directive.Macro
2017-01-25 11:03:34,411 - Loaded System Directive: org.apache.velocity.runtime.directive.Parse
2017-01-25 11:03:34,413 - Loaded System Directive: org.apache.velocity.runtime.directive.Include
2017-01-25 11:03:34,413 - Loaded System Directive: org.apache.velocity.runtime.directive.Foreach
2017-01-25 11:03:34,432 - Created: 20 parsers.
2017-01-25 11:03:34,439 - Velocimacro : initialization starting.
2017-01-25 11:03:34,439 - Velocimacro : adding VMs from VM library template : VM_global_library.vm
2017-01-25 11:03:34,445 - ResourceManager : unable to find resource 'VM_global_library.vm' in any resource loader.
2017-01-25 11:03:34,445 - Velocimacro : error using  VM library template VM_global_library.vm : org.apache.velocity.exception.ResourceNotFoundException: Unable to find resource 'VM_global_library.vm'
2017-01-25 11:03:34,445 - Velocimacro :  VM library template macro registration complete.
2017-01-25 11:03:34,445 - Velocimacro : allowInline = true : VMs can be defined inline in templates
2017-01-25 11:03:34,445 - Velocimacro : allowInlineToOverride = false : VMs defined inline may NOT replace previous VM definitions
2017-01-25 11:03:34,445 - Velocimacro : allowInlineLocal = false : VMs defined inline will be  global in scope if allowed.
2017-01-25 11:03:34,445 - Velocimacro : messages on  : VM system will output logging messages
2017-01-25 11:03:34,445 - Velocimacro : autoload off  : VM system will not automatically reload global library macros
2017-01-25 11:03:34,445 - Velocimacro : initialization complete.
2017-01-25 11:03:34,445 - Velocity successfully started.
2017-01-25 11:04:42,578 - SimpleLog4JLogSystem initialized using logfile 'velocity.log'
2017-01-25 11:04:42,579 - ************************************************************** 
2017-01-25 11:04:42,579 - Starting Jakarta Velocity v1.4
2017-01-25 11:04:42,579 - RuntimeInstance initializing.
2017-01-25 11:04:42,579 - Default Properties File: org\apache\velocity\runtime\defaults\velocity.properties
2017-01-25 11:04:42,579 - Trying to use logger class org.apache.velocity.runtime.log.SimpleLog4JLogSystem
2017-01-25 11:04:42,579 - Using logger class org.apache.velocity.runtime.log.SimpleLog4JLogSystem
2017-01-25 11:04:42,583 - Default ResourceManager initializing. (class org.apache.velocity.runtime.resource.ResourceManagerImpl)
2017-01-25 11:04:42,586 - Resource Loader Instantiated: org.apache.velocity.runtime.resource.loader.ClasspathResourceLoader
2017-01-25 11:04:42,586 - ClasspathResourceLoader : initialization starting.
2017-01-25 11:04:42,586 - ClasspathResourceLoader : initialization complete.
2017-01-25 11:04:42,588 - ResourceCache : initialized. (class org.apache.velocity.runtime.resource.ResourceCacheImpl)
2017-01-25 11:04:42,588 - Default ResourceManager initialization complete.
2017-01-25 11:04:42,591 - Loaded System Directive: org.apache.velocity.runtime.directive.Literal
2017-01-25 11:04:42,594 - Loaded System Directive: org.apache.velocity.runtime.directive.Macro
2017-01-25 11:04:42,600 - Loaded System Directive: org.apache.velocity.runtime.directive.Parse
2017-01-25 11:04:42,602 - Loaded System Directive: org.apache.velocity.runtime.directive.Include
2017-01-25 11:04:42,603 - Loaded System Directive: org.apache.velocity.runtime.directive.Foreach
2017-01-25 11:04:42,630 - Created: 20 parsers.
2017-01-25 11:04:42,640 - Velocimacro : initialization starting.
2017-01-25 11:04:42,640 - Velocimacro : adding VMs from VM library template : VM_global_library.vm
2017-01-25 11:04:42,649 - ResourceManager : unable to find resource 'VM_global_library.vm' in any resource loader.
2017-01-25 11:04:42,650 - Velocimacro : error using  VM library template VM_global_library.vm : org.apache.velocity.exception.ResourceNotFoundException: Unable to find resource 'VM_global_library.vm'
2017-01-25 11:04:42,650 - Velocimacro :  VM library template macro registration complete.
2017-01-25 11:04:42,650 - Velocimacro : allowInline = true : VMs can be defined inline in templates
2017-01-25 11:04:42,650 - Velocimacro : allowInlineToOverride = false : VMs defined inline may NOT replace previous VM definitions
2017-01-25 11:04:42,650 - Velocimacro : allowInlineLocal = false : VMs defined inline will be  global in scope if allowed.
2017-01-25 11:04:42,650 - Velocimacro : messages on  : VM system will output logging messages
2017-01-25 11:04:42,650 - Velocimacro : autoload off  : VM system will not automatically reload global library macros
2017-01-25 11:04:42,650 - Velocimacro : initialization complete.
2017-01-25 11:04:42,650 - Velocity successfully started.
2017-01-25 11:06:04,252 - SimpleLog4JLogSystem initialized using logfile 'velocity.log'
2017-01-25 11:06:04,252 - ************************************************************** 
2017-01-25 11:06:04,252 - Starting Jakarta Velocity v1.4
2017-01-25 11:06:04,252 - RuntimeInstance initializing.
2017-01-25 11:06:04,252 - Default Properties File: org\apache\velocity\runtime\defaults\velocity.properties
2017-01-25 11:06:04,252 - Trying to use logger class org.apache.velocity.runtime.log.SimpleLog4JLogSystem
2017-01-25 11:06:04,253 - Using logger class org.apache.velocity.runtime.log.SimpleLog4JLogSystem
2017-01-25 11:06:04,256 - Default ResourceManager initializing. (class org.apache.velocity.runtime.resource.ResourceManagerImpl)
2017-01-25 11:06:04,260 - Resource Loader Instantiated: org.apache.velocity.runtime.resource.loader.ClasspathResourceLoader
2017-01-25 11:06:04,260 - ClasspathResourceLoader : initialization starting.
2017-01-25 11:06:04,260 - ClasspathResourceLoader : initialization complete.
2017-01-25 11:06:04,262 - ResourceCache : initialized. (class org.apache.velocity.runtime.resource.ResourceCacheImpl)
2017-01-25 11:06:04,262 - Default ResourceManager initialization complete.
2017-01-25 11:06:04,265 - Loaded System Directive: org.apache.velocity.runtime.directive.Literal
2017-01-25 11:06:04,268 - Loaded System Directive: org.apache.velocity.runtime.directive.Macro
2017-01-25 11:06:04,271 - Loaded System Directive: org.apache.velocity.runtime.directive.Parse
2017-01-25 11:06:04,273 - Loaded System Directive: org.apache.velocity.runtime.directive.Include
2017-01-25 11:06:04,275 - Loaded System Directive: org.apache.velocity.runtime.directive.Foreach
2017-01-25 11:06:04,301 - Created: 20 parsers.
2017-01-25 11:06:04,312 - Velocimacro : initialization starting.
2017-01-25 11:06:04,312 - Velocimacro : adding VMs from VM library template : VM_global_library.vm
2017-01-25 11:06:04,322 - ResourceManager : unable to find resource 'VM_global_library.vm' in any resource loader.
2017-01-25 11:06:04,322 - Velocimacro : error using  VM library template VM_global_library.vm : org.apache.velocity.exception.ResourceNotFoundException: Unable to find resource 'VM_global_library.vm'
2017-01-25 11:06:04,322 - Velocimacro :  VM library template macro registration complete.
2017-01-25 11:06:04,322 - Velocimacro : allowInline = true : VMs can be defined inline in templates
2017-01-25 11:06:04,322 - Velocimacro : allowInlineToOverride = false : VMs defined inline may NOT replace previous VM definitions
2017-01-25 11:06:04,322 - Velocimacro : allowInlineLocal = false : VMs defined inline will be  global in scope if allowed.
2017-01-25 11:06:04,322 - Velocimacro : messages on  : VM system will output logging messages
2017-01-25 11:06:04,322 - Velocimacro : autoload off  : VM system will not automatically reload global library macros
2017-01-25 11:06:04,322 - Velocimacro : initialization complete.
2017-01-25 11:06:04,322 - Velocity successfully started.
2017-01-25 11:06:23,313 - ResourceManager : found repast/simphony/scenario/Scenario.vt with loader org.apache.velocity.runtime.resource.loader.ClasspathResourceLoader
2017-01-25 11:30:10,476 - SimpleLog4JLogSystem initialized using logfile 'velocity.log'
2017-01-25 11:30:10,476 - ************************************************************** 
2017-01-25 11:30:10,476 - Starting Jakarta Velocity v1.4
2017-01-25 11:30:10,476 - RuntimeInstance initializing.
2017-01-25 11:30:10,476 - Default Properties File: org\apache\velocity\runtime\defaults\velocity.properties
2017-01-25 11:30:10,477 - Trying to use logger class org.apache.velocity.runtime.log.SimpleLog4JLogSystem
2017-01-25 11:30:10,477 - Using logger class org.apache.velocity.runtime.log.SimpleLog4JLogSystem
2017-01-25 11:30:10,479 - Default ResourceManager initializing. (class org.apache.velocity.runtime.resource.ResourceManagerImpl)
2017-01-25 11:30:10,481 - Resource Loader Instantiated: org.apache.velocity.runtime.resource.loader.ClasspathResourceLoader
2017-01-25 11:30:10,481 - ClasspathResourceLoader : initialization starting.
2017-01-25 11:30:10,481 - ClasspathResourceLoader : initialization complete.
2017-01-25 11:30:10,482 - ResourceCache : initialized. (class org.apache.velocity.runtime.resource.ResourceCacheImpl)
2017-01-25 11:30:10,482 - Default ResourceManager initialization complete.
2017-01-25 11:30:10,484 - Loaded System Directive: org.apache.velocity.runtime.directive.Literal
2017-01-25 11:30:10,485 - Loaded System Directive: org.apache.velocity.runtime.directive.Macro
2017-01-25 11:30:10,487 - Loaded System Directive: org.apache.velocity.runtime.directive.Parse
2017-01-25 11:30:10,489 - Loaded System Directive: org.apache.velocity.runtime.directive.Include
2017-01-25 11:30:10,489 - Loaded System Directive: org.apache.velocity.runtime.directive.Foreach
2017-01-25 11:30:10,509 - Created: 20 parsers.
2017-01-25 11:30:10,514 - Velocimacro : initialization starting.
2017-01-25 11:30:10,515 - Velocimacro : adding VMs from VM library template : VM_global_library.vm
2017-01-25 11:30:10,520 - ResourceManager : unable to find resource 'VM_global_library.vm' in any resource loader.
2017-01-25 11:30:10,521 - Velocimacro : error using  VM library template VM_global_library.vm : org.apache.velocity.exception.ResourceNotFoundException: Unable to find resource 'VM_global_library.vm'
2017-01-25 11:30:10,521 - Velocimacro :  VM library template macro registration complete.
2017-01-25 11:30:10,521 - Velocimacro : allowInline = true : VMs can be defined inline in templates
2017-01-25 11:30:10,521 - Velocimacro : allowInlineToOverride = false : VMs defined inline may NOT replace previous VM definitions
2017-01-25 11:30:10,521 - Velocimacro : allowInlineLocal = false : VMs defined inline will be  global in scope if allowed.
2017-01-25 11:30:10,521 - Velocimacro : messages on  : VM system will output logging messages
2017-01-25 11:30:10,521 - Velocimacro : autoload off  : VM system will not automatically reload global library macros
2017-01-25 11:30:10,521 - Velocimacro : initialization complete.
2017-01-25 11:30:10,521 - Velocity successfully started.
2017-01-25 11:30:21,434 - SimpleLog4JLogSystem initialized using logfile 'velocity.log'
2017-01-25 11:30:21,435 - ************************************************************** 
2017-01-25 11:30:21,435 - Starting Jakarta Velocity v1.4
2017-01-25 11:30:21,435 - RuntimeInstance initializing.
2017-01-25 11:30:21,435 - Default Properties File: org\apache\velocity\runtime\defaults\velocity.properties
2017-01-25 11:30:21,435 - Trying to use logger class org.apache.velocity.runtime.log.SimpleLog4JLogSystem
2017-01-25 11:30:21,435 - Using logger class org.apache.velocity.runtime.log.SimpleLog4JLogSystem
2017-01-25 11:30:21,438 - Default ResourceManager initializing. (class org.apache.velocity.runtime.resource.ResourceManagerImpl)
2017-01-25 11:30:21,442 - Resource Loader Instantiated: org.apache.velocity.runtime.resource.loader.ClasspathResourceLoader
2017-01-25 11:30:21,442 - ClasspathResourceLoader : initialization starting.
2017-01-25 11:30:21,442 - ClasspathResourceLoader : initialization complete.
2017-01-25 11:30:21,445 - ResourceCache : initialized. (class org.apache.velocity.runtime.resource.ResourceCacheImpl)
2017-01-25 11:30:21,445 - Default ResourceManager initialization complete.
2017-01-25 11:30:21,448 - Loaded System Directive: org.apache.velocity.runtime.directive.Literal
2017-01-25 11:30:21,450 - Loaded System Directive: org.apache.velocity.runtime.directive.Macro
2017-01-25 11:30:21,453 - Loaded System Directive: org.apache.velocity.runtime.directive.Parse
2017-01-25 11:30:21,455 - Loaded System Directive: org.apache.velocity.runtime.directive.Include
2017-01-25 11:30:21,457 - Loaded System Directive: org.apache.velocity.runtime.directive.Foreach
2017-01-25 11:30:21,483 - Created: 20 parsers.
2017-01-25 11:30:21,493 - Velocimacro : initialization starting.
2017-01-25 11:30:21,493 - Velocimacro : adding VMs from VM library template : VM_global_library.vm
2017-01-25 11:30:21,506 - ResourceManager : unable to find resource 'VM_global_library.vm' in any resource loader.
2017-01-25 11:30:21,506 - Velocimacro : error using  VM library template VM_global_library.vm : org.apache.velocity.exception.ResourceNotFoundException: Unable to find resource 'VM_global_library.vm'
2017-01-25 11:30:21,506 - Velocimacro :  VM library template macro registration complete.
2017-01-25 11:30:21,506 - Velocimacro : allowInline = true : VMs can be defined inline in templates
2017-01-25 11:30:21,506 - Velocimacro : allowInlineToOverride = false : VMs defined inline may NOT replace previous VM definitions
2017-01-25 11:30:21,506 - Velocimacro : allowInlineLocal = false : VMs defined inline will be  global in scope if allowed.
2017-01-25 11:30:21,506 - Velocimacro : messages on  : VM system will output logging messages
2017-01-25 11:30:21,506 - Velocimacro : autoload off  : VM system will not automatically reload global library macros
2017-01-25 11:30:21,506 - Velocimacro : initialization complete.
2017-01-25 11:30:21,506 - Velocity successfully started.
2017-01-25 11:52:19,668 - SimpleLog4JLogSystem initialized using logfile 'velocity.log'
2017-01-25 11:52:19,668 - ************************************************************** 
2017-01-25 11:52:19,669 - Starting Jakarta Velocity v1.4
2017-01-25 11:52:19,669 - RuntimeInstance initializing.
2017-01-25 11:52:19,669 - Default Properties File: org\apache\velocity\runtime\defaults\velocity.properties
2017-01-25 11:52:19,669 - Trying to use logger class org.apache.velocity.runtime.log.SimpleLog4JLogSystem
2017-01-25 11:52:19,669 - Using logger class org.apache.velocity.runtime.log.SimpleLog4JLogSystem
2017-01-25 11:52:19,672 - Default ResourceManager initializing. (class org.apache.velocity.runtime.resource.ResourceManagerImpl)
2017-01-25 11:52:19,676 - Resource Loader Instantiated: org.apache.velocity.runtime.resource.loader.ClasspathResourceLoader
2017-01-25 11:52:19,676 - ClasspathResourceLoader : initialization starting.
2017-01-25 11:52:19,676 - ClasspathResourceLoader : initialization complete.
2017-01-25 11:52:19,678 - ResourceCache : initialized. (class org.apache.velocity.runtime.resource.ResourceCacheImpl)
2017-01-25 11:52:19,678 - Default ResourceManager initialization complete.
2017-01-25 11:52:19,681 - Loaded System Directive: org.apache.velocity.runtime.directive.Literal
2017-01-25 11:52:19,684 - Loaded System Directive: org.apache.velocity.runtime.directive.Macro
2017-01-25 11:52:19,687 - Loaded System Directive: org.apache.velocity.runtime.directive.Parse
2017-01-25 11:52:19,690 - Loaded System Directive: org.apache.velocity.runtime.directive.Include
2017-01-25 11:52:19,691 - Loaded System Directive: org.apache.velocity.runtime.directive.Foreach
2017-01-25 11:52:19,720 - Created: 20 parsers.
2017-01-25 11:52:19,731 - Velocimacro : initialization starting.
2017-01-25 11:52:19,731 - Velocimacro : adding VMs from VM library template : VM_global_library.vm
2017-01-25 11:52:19,741 - ResourceManager : unable to find resource 'VM_global_library.vm' in any resource loader.
2017-01-25 11:52:19,741 - Velocimacro : error using  VM library template VM_global_library.vm : org.apache.velocity.exception.ResourceNotFoundException: Unable to find resource 'VM_global_library.vm'
2017-01-25 11:52:19,741 - Velocimacro :  VM library template macro registration complete.
2017-01-25 11:52:19,741 - Velocimacro : allowInline = true : VMs can be defined inline in templates
2017-01-25 11:52:19,741 - Velocimacro : allowInlineToOverride = false : VMs defined inline may NOT replace previous VM definitions
2017-01-25 11:52:19,741 - Velocimacro : allowInlineLocal = false : VMs defined inline will be  global in scope if allowed.
2017-01-25 11:52:19,741 - Velocimacro : messages on  : VM system will output logging messages
2017-01-25 11:52:19,741 - Velocimacro : autoload off  : VM system will not automatically reload global library macros
2017-01-25 11:52:19,741 - Velocimacro : initialization complete.
2017-01-25 11:52:19,741 - Velocity successfully started.
2017-01-25 13:15:29,307 - SimpleLog4JLogSystem initialized using logfile 'velocity.log'
2017-01-25 13:15:29,308 - ************************************************************** 
2017-01-25 13:15:29,308 - Starting Jakarta Velocity v1.4
2017-01-25 13:15:29,308 - RuntimeInstance initializing.
2017-01-25 13:15:29,308 - Default Properties File: org\apache\velocity\runtime\defaults\velocity.properties
2017-01-25 13:15:29,308 - Trying to use logger class org.apache.velocity.runtime.log.SimpleLog4JLogSystem
2017-01-25 13:15:29,308 - Using logger class org.apache.velocity.runtime.log.SimpleLog4JLogSystem
2017-01-25 13:15:29,310 - Default ResourceManager initializing. (class org.apache.velocity.runtime.resource.ResourceManagerImpl)
2017-01-25 13:15:29,312 - Resource Loader Instantiated: org.apache.velocity.runtime.resource.loader.ClasspathResourceLoader
2017-01-25 13:15:29,312 - ClasspathResourceLoader : initialization starting.
2017-01-25 13:15:29,312 - ClasspathResourceLoader : initialization complete.
2017-01-25 13:15:29,314 - ResourceCache : initialized. (class org.apache.velocity.runtime.resource.ResourceCacheImpl)
2017-01-25 13:15:29,314 - Default ResourceManager initialization complete.
2017-01-25 13:15:29,315 - Loaded System Directive: org.apache.velocity.runtime.directive.Literal
2017-01-25 13:15:29,317 - Loaded System Directive: org.apache.velocity.runtime.directive.Macro
2017-01-25 13:15:29,318 - Loaded System Directive: org.apache.velocity.runtime.directive.Parse
2017-01-25 13:15:29,318 - Loaded System Directive: org.apache.velocity.runtime.directive.Include
2017-01-25 13:15:29,318 - Loaded System Directive: org.apache.velocity.runtime.directive.Foreach
2017-01-25 13:15:29,334 - Created: 20 parsers.
2017-01-25 13:15:29,334 - Velocimacro : initialization starting.
2017-01-25 13:15:29,349 - Velocimacro : adding VMs from VM library template : VM_global_library.vm
2017-01-25 13:15:29,349 - ResourceManager : unable to find resource 'VM_global_library.vm' in any resource loader.
2017-01-25 13:15:29,349 - Velocimacro : error using  VM library template VM_global_library.vm : org.apache.velocity.exception.ResourceNotFoundException: Unable to find resource 'VM_global_library.vm'
2017-01-25 13:15:29,349 - Velocimacro :  VM library template macro registration complete.
2017-01-25 13:15:29,349 - Velocimacro : allowInline = true : VMs can be defined inline in templates
2017-01-25 13:15:29,349 - Velocimacro : allowInlineToOverride = false : VMs defined inline may NOT replace previous VM definitions
2017-01-25 13:15:29,349 - Velocimacro : allowInlineLocal = false : VMs defined inline will be  global in scope if allowed.
2017-01-25 13:15:29,349 - Velocimacro : messages on  : VM system will output logging messages
2017-01-25 13:15:29,349 - Velocimacro : autoload off  : VM system will not automatically reload global library macros
2017-01-25 13:15:29,349 - Velocimacro : initialization complete.
2017-01-25 13:15:29,349 - Velocity successfully started.
2017-01-25 14:15:05,087 - SimpleLog4JLogSystem initialized using logfile 'velocity.log'
2017-01-25 14:15:05,087 - ************************************************************** 
2017-01-25 14:15:05,087 - Starting Jakarta Velocity v1.4
2017-01-25 14:15:05,087 - RuntimeInstance initializing.
2017-01-25 14:15:05,087 - Default Properties File: org\apache\velocity\runtime\defaults\velocity.properties
2017-01-25 14:15:05,087 - Trying to use logger class org.apache.velocity.runtime.log.SimpleLog4JLogSystem
2017-01-25 14:15:05,087 - Using logger class org.apache.velocity.runtime.log.SimpleLog4JLogSystem
2017-01-25 14:15:05,087 - Default ResourceManager initializing. (class org.apache.velocity.runtime.resource.ResourceManagerImpl)
2017-01-25 14:15:05,102 - Resource Loader Instantiated: org.apache.velocity.runtime.resource.loader.ClasspathResourceLoader
2017-01-25 14:15:05,102 - ClasspathResourceLoader : initialization starting.
2017-01-25 14:15:05,102 - ClasspathResourceLoader : initialization complete.
2017-01-25 14:15:05,102 - ResourceCache : initialized. (class org.apache.velocity.runtime.resource.ResourceCacheImpl)
2017-01-25 14:15:05,102 - Default ResourceManager initialization complete.
2017-01-25 14:15:05,102 - Loaded System Directive: org.apache.velocity.runtime.directive.Literal
2017-01-25 14:15:05,102 - Loaded System Directive: org.apache.velocity.runtime.directive.Macro
2017-01-25 14:15:05,102 - Loaded System Directive: org.apache.velocity.runtime.directive.Parse
2017-01-25 14:15:05,102 - Loaded System Directive: org.apache.velocity.runtime.directive.Include
2017-01-25 14:15:05,102 - Loaded System Directive: org.apache.velocity.runtime.directive.Foreach
2017-01-25 14:15:05,134 - Created: 20 parsers.
2017-01-25 14:15:05,149 - Velocimacro : initialization starting.
2017-01-25 14:15:05,149 - Velocimacro : adding VMs from VM library template : VM_global_library.vm
2017-01-25 14:15:05,149 - ResourceManager : unable to find resource 'VM_global_library.vm' in any resource loader.
2017-01-25 14:15:05,149 - Velocimacro : error using  VM library template VM_global_library.vm : org.apache.velocity.exception.ResourceNotFoundException: Unable to find resource 'VM_global_library.vm'
2017-01-25 14:15:05,149 - Velocimacro :  VM library template macro registration complete.
2017-01-25 14:15:05,149 - Velocimacro : allowInline = true : VMs can be defined inline in templates
2017-01-25 14:15:05,149 - Velocimacro : allowInlineToOverride = false : VMs defined inline may NOT replace previous VM definitions
2017-01-25 14:15:05,149 - Velocimacro : allowInlineLocal = false : VMs defined inline will be  global in scope if allowed.
2017-01-25 14:15:05,149 - Velocimacro : messages on  : VM system will output logging messages
2017-01-25 14:15:05,149 - Velocimacro : autoload off  : VM system will not automatically reload global library macros
2017-01-25 14:15:05,149 - Velocimacro : initialization complete.
2017-01-25 14:15:05,149 - Velocity successfully started.
2017-01-25 14:20:36,886 - SimpleLog4JLogSystem initialized using logfile 'velocity.log'
2017-01-25 14:20:36,886 - ************************************************************** 
2017-01-25 14:20:36,886 - Starting Jakarta Velocity v1.4
2017-01-25 14:20:36,886 - RuntimeInstance initializing.
2017-01-25 14:20:36,886 - Default Properties File: org\apache\velocity\runtime\defaults\velocity.properties
2017-01-25 14:20:36,886 - Trying to use logger class org.apache.velocity.runtime.log.SimpleLog4JLogSystem
2017-01-25 14:20:36,886 - Using logger class org.apache.velocity.runtime.log.SimpleLog4JLogSystem
2017-01-25 14:20:36,886 - Default ResourceManager initializing. (class org.apache.velocity.runtime.resource.ResourceManagerImpl)
2017-01-25 14:20:36,886 - Resource Loader Instantiated: org.apache.velocity.runtime.resource.loader.ClasspathResourceLoader
2017-01-25 14:20:36,886 - ClasspathResourceLoader : initialization starting.
2017-01-25 14:20:36,886 - ClasspathResourceLoader : initialization complete.
2017-01-25 14:20:36,886 - ResourceCache : initialized. (class org.apache.velocity.runtime.resource.ResourceCacheImpl)
2017-01-25 14:20:36,886 - Default ResourceManager initialization complete.
2017-01-25 14:20:36,902 - Loaded System Directive: org.apache.velocity.runtime.directive.Literal
2017-01-25 14:20:36,902 - Loaded System Directive: org.apache.velocity.runtime.directive.Macro
2017-01-25 14:20:36,902 - Loaded System Directive: org.apache.velocity.runtime.directive.Parse
2017-01-25 14:20:36,902 - Loaded System Directive: org.apache.velocity.runtime.directive.Include
2017-01-25 14:20:36,902 - Loaded System Directive: org.apache.velocity.runtime.directive.Foreach
2017-01-25 14:20:36,933 - Created: 20 parsers.
2017-01-25 14:20:36,949 - Velocimacro : initialization starting.
2017-01-25 14:20:36,949 - Velocimacro : adding VMs from VM library template : VM_global_library.vm
2017-01-25 14:20:36,949 - ResourceManager : unable to find resource 'VM_global_library.vm' in any resource loader.
2017-01-25 14:20:36,949 - Velocimacro : error using  VM library template VM_global_library.vm : org.apache.velocity.exception.ResourceNotFoundException: Unable to find resource 'VM_global_library.vm'
2017-01-25 14:20:36,949 - Velocimacro :  VM library template macro registration complete.
2017-01-25 14:20:36,949 - Velocimacro : allowInline = true : VMs can be defined inline in templates
2017-01-25 14:20:36,949 - Velocimacro : allowInlineToOverride = false : VMs defined inline may NOT replace previous VM definitions
2017-01-25 14:20:36,949 - Velocimacro : allowInlineLocal = false : VMs defined inline will be  global in scope if allowed.
2017-01-25 14:20:36,949 - Velocimacro : messages on  : VM system will output logging messages
2017-01-25 14:20:36,949 - Velocimacro : autoload off  : VM system will not automatically reload global library macros
2017-01-25 14:20:36,949 - Velocimacro : initialization complete.
2017-01-25 14:20:36,949 - Velocity successfully started.
2017-01-25 14:25:37,552 - SimpleLog4JLogSystem initialized using logfile 'velocity.log'
2017-01-25 14:25:37,552 - ************************************************************** 
2017-01-25 14:25:37,552 - Starting Jakarta Velocity v1.4
2017-01-25 14:25:37,552 - RuntimeInstance initializing.
2017-01-25 14:25:37,552 - Default Properties File: org\apache\velocity\runtime\defaults\velocity.properties
2017-01-25 14:25:37,552 - Trying to use logger class org.apache.velocity.runtime.log.SimpleLog4JLogSystem
2017-01-25 14:25:37,552 - Using logger class org.apache.velocity.runtime.log.SimpleLog4JLogSystem
2017-01-25 14:25:37,552 - Default ResourceManager initializing. (class org.apache.velocity.runtime.resource.ResourceManagerImpl)
2017-01-25 14:25:37,568 - Resource Loader Instantiated: org.apache.velocity.runtime.resource.loader.ClasspathResourceLoader
2017-01-25 14:25:37,568 - ClasspathResourceLoader : initialization starting.
2017-01-25 14:25:37,568 - ClasspathResourceLoader : initialization complete.
2017-01-25 14:25:37,568 - ResourceCache : initialized. (class org.apache.velocity.runtime.resource.ResourceCacheImpl)
2017-01-25 14:25:37,568 - Default ResourceManager initialization complete.
2017-01-25 14:25:37,568 - Loaded System Directive: org.apache.velocity.runtime.directive.Literal
2017-01-25 14:25:37,568 - Loaded System Directive: org.apache.velocity.runtime.directive.Macro
2017-01-25 14:25:37,568 - Loaded System Directive: org.apache.velocity.runtime.directive.Parse
2017-01-25 14:25:37,568 - Loaded System Directive: org.apache.velocity.runtime.directive.Include
2017-01-25 14:25:37,568 - Loaded System Directive: org.apache.velocity.runtime.directive.Foreach
2017-01-25 14:25:37,599 - Created: 20 parsers.
2017-01-25 14:25:37,615 - Velocimacro : initialization starting.
2017-01-25 14:25:37,615 - Velocimacro : adding VMs from VM library template : VM_global_library.vm
2017-01-25 14:25:37,630 - ResourceManager : unable to find resource 'VM_global_library.vm' in any resource loader.
2017-01-25 14:25:37,630 - Velocimacro : error using  VM library template VM_global_library.vm : org.apache.velocity.exception.ResourceNotFoundException: Unable to find resource 'VM_global_library.vm'
2017-01-25 14:25:37,630 - Velocimacro :  VM library template macro registration complete.
2017-01-25 14:25:37,630 - Velocimacro : allowInline = true : VMs can be defined inline in templates
2017-01-25 14:25:37,630 - Velocimacro : allowInlineToOverride = false : VMs defined inline may NOT replace previous VM definitions
2017-01-25 14:25:37,630 - Velocimacro : allowInlineLocal = false : VMs defined inline will be  global in scope if allowed.
2017-01-25 14:25:37,630 - Velocimacro : messages on  : VM system will output logging messages
2017-01-25 14:25:37,630 - Velocimacro : autoload off  : VM system will not automatically reload global library macros
2017-01-25 14:25:37,630 - Velocimacro : initialization complete.
2017-01-25 14:25:37,630 - Velocity successfully started.
2017-01-25 14:40:37,533 - SimpleLog4JLogSystem initialized using logfile 'velocity.log'
2017-01-25 14:40:37,533 - ************************************************************** 
2017-01-25 14:40:37,533 - Starting Jakarta Velocity v1.4
2017-01-25 14:40:37,533 - RuntimeInstance initializing.
2017-01-25 14:40:37,533 - Default Properties File: org\apache\velocity\runtime\defaults\velocity.properties
2017-01-25 14:40:37,533 - Trying to use logger class org.apache.velocity.runtime.log.SimpleLog4JLogSystem
2017-01-25 14:40:37,533 - Using logger class org.apache.velocity.runtime.log.SimpleLog4JLogSystem
2017-01-25 14:40:37,548 - Default ResourceManager initializing. (class org.apache.velocity.runtime.resource.ResourceManagerImpl)
2017-01-25 14:40:37,548 - Resource Loader Instantiated: org.apache.velocity.runtime.resource.loader.ClasspathResourceLoader
2017-01-25 14:40:37,548 - ClasspathResourceLoader : initialization starting.
2017-01-25 14:40:37,548 - ClasspathResourceLoader : initialization complete.
2017-01-25 14:40:37,548 - ResourceCache : initialized. (class org.apache.velocity.runtime.resource.ResourceCacheImpl)
2017-01-25 14:40:37,548 - Default ResourceManager initialization complete.
2017-01-25 14:40:37,548 - Loaded System Directive: org.apache.velocity.runtime.directive.Literal
2017-01-25 14:40:37,548 - Loaded System Directive: org.apache.velocity.runtime.directive.Macro
2017-01-25 14:40:37,564 - Loaded System Directive: org.apache.velocity.runtime.directive.Parse
2017-01-25 14:40:37,564 - Loaded System Directive: org.apache.velocity.runtime.directive.Include
2017-01-25 14:40:37,564 - Loaded System Directive: org.apache.velocity.runtime.directive.Foreach
2017-01-25 14:40:37,595 - Created: 20 parsers.
2017-01-25 14:40:37,595 - Velocimacro : initialization starting.
2017-01-25 14:40:37,595 - Velocimacro : adding VMs from VM library template : VM_global_library.vm
2017-01-25 14:40:37,611 - ResourceManager : unable to find resource 'VM_global_library.vm' in any resource loader.
2017-01-25 14:40:37,611 - Velocimacro : error using  VM library template VM_global_library.vm : org.apache.velocity.exception.ResourceNotFoundException: Unable to find resource 'VM_global_library.vm'
2017-01-25 14:40:37,611 - Velocimacro :  VM library template macro registration complete.
2017-01-25 14:40:37,611 - Velocimacro : allowInline = true : VMs can be defined inline in templates
2017-01-25 14:40:37,611 - Velocimacro : allowInlineToOverride = false : VMs defined inline may NOT replace previous VM definitions
2017-01-25 14:40:37,611 - Velocimacro : allowInlineLocal = false : VMs defined inline will be  global in scope if allowed.
2017-01-25 14:40:37,611 - Velocimacro : messages on  : VM system will output logging messages
2017-01-25 14:40:37,611 - Velocimacro : autoload off  : VM system will not automatically reload global library macros
2017-01-25 14:40:37,611 - Velocimacro : initialization complete.
2017-01-25 14:40:37,611 - Velocity successfully started.
